<?xml version="1.0" encoding="UTF-8"?>
<!-- Generated by org.testng.reporters.JUnitXMLReporter -->
<testsuite hostname="LAPTOP-IUJNIELA" ignored="2" name="Test runner-1" tests="4" failures="0" timestamp="2023-03-27T13:18:31 IST" time="6.278" errors="0">
  <testcase name="script1" time="0.0" classname="Practice_package.TS_01"/>
  <testcase name="script2" time="0.0" classname="Practice_package.TS_01"/>
  <testcase name="script3" time="0.001" classname="Practice_package.TS_02"/>
  <testcase name="script4" time="0.0" classname="Practice_package.TS_02"/>
  <testcase name="@AfterSuite configAS" time="0.0" classname="com.GenericUtility.BaseClass">
    <ignored/>
  </testcase> <!-- @AfterSuite configAS -->
  <testcase name="@BeforeSuite configBs" time="0.0" classname="com.GenericUtility.BaseClass">
    <ignored/>
  </testcase> <!-- @BeforeSuite configBs -->
</testsuite> <!-- Test runner-1 -->
