<?xml version="1.0" encoding="UTF-8"?>
<!-- Generated by org.testng.reporters.JUnitXMLReporter -->
<testsuite hostname="LAPTOP-IUJNIELA" ignored="4" name="Test runner1" tests="6" failures="0" timestamp="2023-03-27T15:46:17 IST" time="8.78" errors="0">
  <testcase name="script1" time="0.006" classname="Practice_package.TS_01"/>
  <testcase name="script2" time="0.002" classname="Practice_package.TS_01"/>
  <testcase name="script3" time="0.002" classname="Practice_package.TS_02"/>
  <testcase name="script4" time="0.001" classname="Practice_package.TS_02"/>
  <testcase name="script5" time="0.001" classname="Practice_package.TS_03"/>
  <testcase name="script6" time="0.002" classname="Practice_package.TS_03"/>
  <testcase name="@AfterSuite configAS" time="0.0" classname="com.GenericUtility.BaseClass">
    <ignored/>
  </testcase> <!-- @AfterSuite configAS -->
  <testcase name="@AfterSuite configAS" time="0.0" classname="com.GenericUtility.BaseClass">
    <ignored/>
  </testcase> <!-- @AfterSuite configAS -->
  <testcase name="@BeforeSuite configBs" time="0.0" classname="com.GenericUtility.BaseClass">
    <ignored/>
  </testcase> <!-- @BeforeSuite configBs -->
  <testcase name="@BeforeSuite configBs" time="0.0" classname="com.GenericUtility.BaseClass">
    <ignored/>
  </testcase> <!-- @BeforeSuite configBs -->
</testsuite> <!-- Test runner1 -->
